-------------------------------------------------------------------------------
Test set: com.planittesting.swaglabs.tests.InventoryTests
-------------------------------------------------------------------------------
Tests run: 1, Failures: 0, Errors: 1, Skipped: 0, Time elapsed: 2.653 s <<< FAILURE! - in com.planittesting.swaglabs.tests.InventoryTests
verifyShoppingCartStoresItemInformation  Time elapsed: 2.651 s  <<< ERROR!
java.lang.Error: 
Unresolved compilation problem: 
	var cannot be resolved to a type

	at com.planittesting.swaglabs.tests.InventoryTests.verifyShoppingCartStoresItemInformation(InventoryTests.java:18)

