-------------------------------------------------------------------------------
Test set: com.planittesting.swaglabs.tests.LoginTests
-------------------------------------------------------------------------------
Tests run: 1, Failures: 0, Errors: 1, Skipped: 0, Time elapsed: 2.487 s <<< FAILURE! - in com.planittesting.swaglabs.tests.LoginTests
verifyLoginWithValidCredentials  Time elapsed: 2.486 s  <<< ERROR!
java.lang.Error: 
Unresolved compilation problem: 
	var cannot be resolved to a type

	at com.planittesting.swaglabs.tests.LoginTests.verifyLoginWithValidCredentials(LoginTests.java:13)

